<?xml version="1.0" encoding="UTF-8"?>
<!-- Generated by org.testng.reporters.JUnitReportReporter -->
<testsuite skipped="0" hostname="P5-H835N62" name="com.test.ExpJenkinsMaven.OpenBrowser" tests="1" failures="0" timestamp="12 Feb 2019 07:10:29 GMT" time="1.218" errors="0">
  <testcase name="f" time="1.218" classname="com.test.ExpJenkinsMaven.OpenBrowser"/>
</testsuite> <!-- com.test.ExpJenkinsMaven.OpenBrowser -->
